#
# There is insufficient memory for the Java Runtime Environment to continue.
# Native memory allocation (malloc) failed to allocate 2568736 bytes. Error detail: Chunk::new
# Possible reasons:
#   The system is out of physical RAM or swap space
#   This process is running with CompressedOops enabled, and the Java Heap may be blocking the growth of the native heap
# Possible solutions:
#   Reduce memory load on the system
#   Increase physical memory or swap space
#   Check if swap backing store is full
#   Decrease Java heap size (-Xmx/-Xms)
#   Decrease number of Java threads
#   Decrease Java thread stack sizes (-Xss)
#   Set larger code cache with -XX:ReservedCodeCacheSize=
#   JVM is running with Unscaled Compressed Oops mode in which the Java heap is
#     placed in the first 4GB address space. The Java Heap base address is the
#     maximum limit for the native heap growth. Please use -XX:HeapBaseMinAddress
#     to set the Java Heap base and to place the Java Heap above 4GB virtual address.
# This output file may be truncated or incomplete.
#
#  Out of Memory Error (arena.cpp:168), pid=15160, tid=6888
#
# JRE version: OpenJDK Runtime Environment (21.0.8) (build 21.0.8+-14196175-b1038.72)
# Java VM: OpenJDK 64-Bit Server VM (21.0.8+-14196175-b1038.72, mixed mode, tiered, compressed oops, compressed class ptrs, g1 gc, windows-amd64)
# No core dump will be written. Minidumps are not enabled by default on client versions of Windows
#

---------------  S U M M A R Y ------------

Command Line: org.jetbrains.kotlin.cli.jvm.K2JVMCompiler @D:\Project Music\app\build\20260110_15851802573263920360.compiler.options

Host: AMD Ryzen 5 5500U with Radeon Graphics         , 12 cores, 7G,  Windows 11 , 64 bit Build 26100 (10.0.26100.7309)
Time: Sat Jan 10 10:50:18 2026 India Standard Time elapsed time: 15.282510 seconds (0d 0h 0m 15s)

---------------  T H R E A D  ---------------

Current thread (0x000001c5654edb60):  JavaThread "C2 CompilerThread0" daemon [_thread_in_native, id=6888, stack(0x000000a0b2200000,0x000000a0b2300000) (1024K)]


Current CompileTask:
C2:15282 10641       4       org.jetbrains.kotlin.load.java.structure.impl.classFiles.BinaryJavaMethodBase$Companion::create (572 bytes)

Stack: [0x000000a0b2200000,0x000000a0b2300000]
Native frames: (J=compiled Java code, j=interpreted, Vv=VM code, C=native code)
V  [jvm.dll+0x6d68d9]
V  [jvm.dll+0x866693]
V  [jvm.dll+0x868c4e]
V  [jvm.dll+0x869333]
V  [jvm.dll+0x280566]
V  [jvm.dll+0xc07cd]
V  [jvm.dll+0xc0d03]
V  [jvm.dll+0x3b961b]
V  [jvm.dll+0x385507]
V  [jvm.dll+0x38497a]
V  [jvm.dll+0x249252]
V  [jvm.dll+0x248821]
V  [jvm.dll+0x1c73a4]
V  [jvm.dll+0x257f9e]
V  [jvm.dll+0x2564e6]
V  [jvm.dll+0x3f4696]
V  [jvm.dll+0x80eac8]
V  [jvm.dll+0x6d512d]
C  [ucrtbase.dll+0x37b0]
C  [KERNEL32.DLL+0x2e8d7]
C  [ntdll.dll+0x8c53c]


---------------  P R O C E S S  ---------------

Threads class SMR info:
_java_thread_list=0x000001c5713ebe60, length=13, elements={
0x000001c54db09280, 0x000001c5654a9da0, 0x000001c5654bae40, 0x000001c5654b8160,
0x000001c5654cc450, 0x000001c5654da0e0, 0x000001c5654db6b0, 0x000001c5654e4c90,
0x000001c5654edb60, 0x000001c5654f0610, 0x000001c565679650, 0x000001c56d61e020,
0x000001c56edc8cd0
}

Java Threads: ( => current thread )
  0x000001c54db09280 JavaThread "main"                              [_thread_in_Java, id=9920, stack(0x000000a0b1300000,0x000000a0b1400000) (1024K)]
  0x000001c5654a9da0 JavaThread "Common-Cleaner"             daemon [_thread_blocked, id=3020, stack(0x000000a0b1b00000,0x000000a0b1c00000) (1024K)]
  0x000001c5654bae40 JavaThread "Reference Handler"          daemon [_thread_blocked, id=5712, stack(0x000000a0b1c00000,0x000000a0b1d00000) (1024K)]
  0x000001c5654b8160 JavaThread "Finalizer"                  daemon [_thread_blocked, id=7016, stack(0x000000a0b1d00000,0x000000a0b1e00000) (1024K)]
  0x000001c5654cc450 JavaThread "Signal Dispatcher"          daemon [_thread_blocked, id=4864, stack(0x000000a0b1e00000,0x000000a0b1f00000) (1024K)]
  0x000001c5654da0e0 JavaThread "Attach Listener"            daemon [_thread_blocked, id=5220, stack(0x000000a0b1f00000,0x000000a0b2000000) (1024K)]
  0x000001c5654db6b0 JavaThread "Service Thread"             daemon [_thread_blocked, id=17232, stack(0x000000a0b2000000,0x000000a0b2100000) (1024K)]
  0x000001c5654e4c90 JavaThread "Monitor Deflation Thread"   daemon [_thread_blocked, id=14752, stack(0x000000a0b2100000,0x000000a0b2200000) (1024K)]
=>0x000001c5654edb60 JavaThread "C2 CompilerThread0"         daemon [_thread_in_native, id=6888, stack(0x000000a0b2200000,0x000000a0b2300000) (1024K)]
  0x000001c5654f0610 JavaThread "C1 CompilerThread0"         daemon [_thread_blocked, id=12360, stack(0x000000a0b2300000,0x000000a0b2400000) (1024K)]
  0x000001c565679650 JavaThread "Notification Thread"        daemon [_thread_blocked, id=10408, stack(0x000000a0b2400000,0x000000a0b2500000) (1024K)]
  0x000001c56d61e020 JavaThread "C2 CompilerThread1"         daemon [_thread_in_native, id=17660, stack(0x000000a0b2e00000,0x000000a0b2f00000) (1024K)]
  0x000001c56edc8cd0 JavaThread "C2 CompilerThread2"         daemon [_thread_in_native, id=8048, stack(0x000000a0b2f00000,0x000000a0b3000000) (1024K)]
Total: 13

Other Threads:
  0x000001c565308e70 VMThread "VM Thread"                           [id=5704, stack(0x000000a0b1a00000,0x000000a0b1b00000) (1024K)]
  0x000001c5652a6c10 WatcherThread "VM Periodic Task Thread"        [id=16968, stack(0x000000a0b1900000,0x000000a0b1a00000) (1024K)]
  0x000001c54db5ba70 WorkerThread "GC Thread#0"                     [id=8020, stack(0x000000a0b1400000,0x000000a0b1500000) (1024K)]
  0x000001c56a5ea800 WorkerThread "GC Thread#1"                     [id=2052, stack(0x000000a0b2700000,0x000000a0b2800000) (1024K)]
  0x000001c56a5a1f20 WorkerThread "GC Thread#2"                     [id=4396, stack(0x000000a0b2800000,0x000000a0b2900000) (1024K)]
  0x000001c56a5a22c0 WorkerThread "GC Thread#3"                     [id=6844, stack(0x000000a0b2900000,0x000000a0b2a00000) (1024K)]
  0x000001c56a5a2660 WorkerThread "GC Thread#4"                     [id=14048, stack(0x000000a0b2a00000,0x000000a0b2b00000) (1024K)]
  0x000001c56a5a2a00 WorkerThread "GC Thread#5"                     [id=4800, stack(0x000000a0b2b00000,0x000000a0b2c00000) (1024K)]
  0x000001c56a6a8c10 WorkerThread "GC Thread#6"                     [id=15544, stack(0x000000a0b2500000,0x000000a0b2600000) (1024K)]
  0x000001c56a6a7d90 WorkerThread "GC Thread#7"                     [id=11860, stack(0x000000a0b2600000,0x000000a0b2700000) (1024K)]
  0x000001c56adb8760 WorkerThread "GC Thread#8"                     [id=10680, stack(0x000000a0b3000000,0x000000a0b3100000) (1024K)]
  0x000001c56adb9240 WorkerThread "GC Thread#9"                     [id=16552, stack(0x000000a0b3100000,0x000000a0b3200000) (1024K)]
  0x000001c54db6b4d0 ConcurrentGCThread "G1 Main Marker"            [id=14676, stack(0x000000a0b1500000,0x000000a0b1600000) (1024K)]
  0x000001c54db6dcc0 WorkerThread "G1 Conc#0"                       [id=4884, stack(0x000000a0b1600000,0x000000a0b1700000) (1024K)]
  0x000001c56a6a72b0 WorkerThread "G1 Conc#1"                       [id=15960, stack(0x000000a0b2c00000,0x000000a0b2d00000) (1024K)]
  0x000001c56a6a7650 WorkerThread "G1 Conc#2"                       [id=11516, stack(0x000000a0b2d00000,0x000000a0b2e00000) (1024K)]
  0x000001c56517a890 ConcurrentGCThread "G1 Refine#0"               [id=17472, stack(0x000000a0b1700000,0x000000a0b1800000) (1024K)]
  0x000001c56517b0b0 ConcurrentGCThread "G1 Service"                [id=13980, stack(0x000000a0b1800000,0x000000a0b1900000) (1024K)]
Total: 18

Threads with active compile tasks:
C2 CompilerThread0  15314 10641       4       org.jetbrains.kotlin.load.java.structure.impl.classFiles.BinaryJavaMethodBase$Companion::create (572 bytes)
C2 CompilerThread1  15314 10670       4       org.jetbrains.kotlin.fir.resolve.providers.impl.FirProviderImpl$SymbolProvider$symbolNamesProvider$1::getTopLevelCallableNamesInPackage (165 bytes)
C2 CompilerThread2  15314 10646       4       org.jetbrains.kotlin.cli.jvm.index.JvmDependenciesIndexImpl::search (374 bytes)
Total: 3

VM state: not at safepoint (normal execution)

VM Mutex/Monitor currently owned by a thread: None

Heap address: 0x000000008ac00000, size: 1876 MB, Compressed Oops mode: 32-bit

CDS archive(s) not mapped
Compressed class space mapped at: 0x0000000100000000-0x0000000140000000, reserved size: 1073741824
Narrow klass base: 0x0000000000000000, Narrow klass shift: 3, Narrow klass range: 0x140000000

GC Precious Log:
 CardTable entry size: 512
 Card Set container configuration: InlinePtr #cards 5 size 8 Array Of Cards #cards 12 size 40 Howl #buckets 4 coarsen threshold 1843 Howl Bitmap #cards 512 size 80 coarsen threshold 460 Card regions per heap region 1 cards per card region 2048
 CPUs: 12 total, 12 available
 Memory: 7501M
 Large Page Support: Disabled
 NUMA Support: Disabled
 Compressed Oops: Enabled (32-bit)
 Heap Region Size: 1M
 Heap Min Capacity: 8M
 Heap Initial Capacity: 118M
 Heap Max Capacity: 1876M
 Pre-touch: Disabled
 Parallel Workers: 10
 Concurrent Workers: 3
 Concurrent Refinement Workers: 10
 Periodic GC: Disabled

Heap:
 garbage-first heap   total 195584K, used 163140K [0x000000008ac00000, 0x0000000100000000)
  region size 1024K, 58 young (59392K), 8 survivors (8192K)
 Metaspace       used 67608K, committed 67904K, reserved 1114112K
  class space    used 7672K, committed 7808K, reserved 1048576K

Heap Regions: E=young(eden), S=young(survivor), O=old, HS=humongous(starts), HC=humongous(continues), CS=collection set, F=free, TAMS=top-at-mark-start, PB=parsable bottom
|   0|0x000000008ac00000, 0x000000008ad00000, 0x000000008ad00000|100%|HS|  |TAMS 0x000000008ac00000| PB 0x000000008ac00000| Complete 
|   1|0x000000008ad00000, 0x000000008ae00000, 0x000000008ae00000|100%|HC|  |TAMS 0x000000008ad00000| PB 0x000000008ad00000| Complete 
|   2|0x000000008ae00000, 0x000000008af00000, 0x000000008af00000|100%|HC|  |TAMS 0x000000008ae00000| PB 0x000000008ae00000| Complete 
|   3|0x000000008af00000, 0x000000008b000000, 0x000000008b000000|100%| O|  |TAMS 0x000000008af00000| PB 0x000000008af00000| Untracked 
|   4|0x000000008b000000, 0x000000008b100000, 0x000000008b100000|100%| O|  |TAMS 0x000000008b000000| PB 0x000000008b000000| Untracked 
|   5|0x000000008b100000, 0x000000008b1e9d00, 0x000000008b200000| 91%| O|  |TAMS 0x000000008b100000| PB 0x000000008b100000| Untracked 
|   6|0x000000008b200000, 0x000000008b300000, 0x000000008b300000|100%| O|  |TAMS 0x000000008b200000| PB 0x000000008b200000| Untracked 
|   7|0x000000008b300000, 0x000000008b400000, 0x000000008b400000|100%| O|  |TAMS 0x000000008b300000| PB 0x000000008b300000| Untracked 
|   8|0x000000008b400000, 0x000000008b500000, 0x000000008b500000|100%| O|  |TAMS 0x000000008b400000| PB 0x000000008b400000| Untracked 
|   9|0x000000008b500000, 0x000000008b600000, 0x000000008b600000|100%| O|  |TAMS 0x000000008b500000| PB 0x000000008b500000| Untracked 
|  10|0x000000008b600000, 0x000000008b700000, 0x000000008b700000|100%| O|  |TAMS 0x000000008b600000| PB 0x000000008b600000| Untracked 
|  11|0x000000008b700000, 0x000000008b800000, 0x000000008b800000|100%| O|  |TAMS 0x000000008b700000| PB 0x000000008b700000| Untracked 
|  12|0x000000008b800000, 0x000000008b900000, 0x000000008b900000|100%| O|  |TAMS 0x000000008b800000| PB 0x000000008b800000| Untracked 
|  13|0x000000008b900000, 0x000000008ba00000, 0x000000008ba00000|100%| O|  |TAMS 0x000000008b900000| PB 0x000000008b900000| Untracked 
|  14|0x000000008ba00000, 0x000000008bb00000, 0x000000008bb00000|100%| O|  |TAMS 0x000000008ba00000| PB 0x000000008ba00000| Untracked 
|  15|0x000000008bb00000, 0x000000008bc00000, 0x000000008bc00000|100%| O|  |TAMS 0x000000008bb00000| PB 0x000000008bb00000| Untracked 
|  16|0x000000008bc00000, 0x000000008bd00000, 0x000000008bd00000|100%| O|  |TAMS 0x000000008bc00000| PB 0x000000008bc00000| Untracked 
|  17|0x000000008bd00000, 0x000000008be00000, 0x000000008be00000|100%| O|  |TAMS 0x000000008bd00000| PB 0x000000008bd00000| Untracked 
|  18|0x000000008be00000, 0x000000008bf00000, 0x000000008bf00000|100%| O|  |TAMS 0x000000008be00000| PB 0x000000008be00000| Untracked 
|  19|0x000000008bf00000, 0x000000008c000000, 0x000000008c000000|100%| O|  |TAMS 0x000000008bf00000| PB 0x000000008bf00000| Untracked 
|  20|0x000000008c000000, 0x000000008c100000, 0x000000008c100000|100%| O|  |TAMS 0x000000008c000000| PB 0x000000008c000000| Untracked 
|  21|0x000000008c100000, 0x000000008c200000, 0x000000008c200000|100%| O|  |TAMS 0x000000008c100000| PB 0x000000008c100000| Untracked 
|  22|0x000000008c200000, 0x000000008c300000, 0x000000008c300000|100%| O|  |TAMS 0x000000008c200000| PB 0x000000008c200000| Untracked 
|  23|0x000000008c300000, 0x000000008c400000, 0x000000008c400000|100%| O|  |TAMS 0x000000008c300000| PB 0x000000008c300000| Untracked 
|  24|0x000000008c400000, 0x000000008c500000, 0x000000008c500000|100%| O|  |TAMS 0x000000008c400000| PB 0x000000008c400000| Untracked 
|  25|0x000000008c500000, 0x000000008c600000, 0x000000008c600000|100%| O|  |TAMS 0x000000008c500000| PB 0x000000008c500000| Untracked 
|  26|0x000000008c600000, 0x000000008c700000, 0x000000008c700000|100%| O|  |TAMS 0x000000008c600000| PB 0x000000008c600000| Untracked 
|  27|0x000000008c700000, 0x000000008c800000, 0x000000008c800000|100%| O|  |TAMS 0x000000008c700000| PB 0x000000008c700000| Untracked 
|  28|0x000000008c800000, 0x000000008c900000, 0x000000008c900000|100%| O|  |TAMS 0x000000008c800000| PB 0x000000008c800000| Untracked 
|  29|0x000000008c900000, 0x000000008ca00000, 0x000000008ca00000|100%| O|  |TAMS 0x000000008c900000| PB 0x000000008c900000| Untracked 
|  30|0x000000008ca00000, 0x000000008cb00000, 0x000000008cb00000|100%| O|  |TAMS 0x000000008ca00000| PB 0x000000008ca00000| Untracked 
|  31|0x000000008cb00000, 0x000000008cc00000, 0x000000008cc00000|100%| O|  |TAMS 0x000000008cb00000| PB 0x000000008cb00000| Untracked 
|  32|0x000000008cc00000, 0x000000008cd00000, 0x000000008cd00000|100%| O|  |TAMS 0x000000008cc00000| PB 0x000000008cc00000| Untracked 
|  33|0x000000008cd00000, 0x000000008ce00000, 0x000000008ce00000|100%| O|  |TAMS 0x000000008cd00000| PB 0x000000008cd00000| Untracked 
|  34|0x000000008ce00000, 0x000000008cf00000, 0x000000008cf00000|100%| O|  |TAMS 0x000000008ce00000| PB 0x000000008ce00000| Untracked 
|  35|0x000000008cf00000, 0x000000008d000000, 0x000000008d000000|100%| O|  |TAMS 0x000000008cf00000| PB 0x000000008cf00000| Untracked 
|  36|0x000000008d000000, 0x000000008d100000, 0x000000008d100000|100%| O|  |TAMS 0x000000008d000000| PB 0x000000008d000000| Untracked 
|  37|0x000000008d100000, 0x000000008d200000, 0x000000008d200000|100%| O|  |TAMS 0x000000008d100000| PB 0x000000008d100000| Untracked 
|  38|0x000000008d200000, 0x000000008d300000, 0x000000008d300000|100%| O|  |TAMS 0x000000008d200000| PB 0x000000008d200000| Untracked 
|  39|0x000000008d300000, 0x000000008d400000, 0x000000008d400000|100%| O|  |TAMS 0x000000008d300000| PB 0x000000008d300000| Untracked 
|  40|0x000000008d400000, 0x000000008d500000, 0x000000008d500000|100%| O|  |TAMS 0x000000008d400000| PB 0x000000008d400000| Untracked 
|  41|0x000000008d500000, 0x000000008d600000, 0x000000008d600000|100%| O|  |TAMS 0x000000008d500000| PB 0x000000008d500000| Untracked 
|  42|0x000000008d600000, 0x000000008d700000, 0x000000008d700000|100%| O|  |TAMS 0x000000008d600000| PB 0x000000008d600000| Untracked 
|  43|0x000000008d700000, 0x000000008d800000, 0x000000008d800000|100%| O|  |TAMS 0x000000008d700000| PB 0x000000008d700000| Untracked 
|  44|0x000000008d800000, 0x000000008d900000, 0x000000008d900000|100%| O|  |TAMS 0x000000008d800000| PB 0x000000008d800000| Untracked 
|  45|0x000000008d900000, 0x000000008da00000, 0x000000008da00000|100%| O|  |TAMS 0x000000008d900000| PB 0x000000008d900000| Untracked 
|  46|0x000000008da00000, 0x000000008db00000, 0x000000008db00000|100%| O|  |TAMS 0x000000008da00000| PB 0x000000008da00000| Untracked 
|  47|0x000000008db00000, 0x000000008dc00000, 0x000000008dc00000|100%| O|  |TAMS 0x000000008db00000| PB 0x000000008db00000| Untracked 
|  48|0x000000008dc00000, 0x000000008dd00000, 0x000000008dd00000|100%| O|  |TAMS 0x000000008dc00000| PB 0x000000008dc00000| Untracked 
|  49|0x000000008dd00000, 0x000000008de00000, 0x000000008de00000|100%| O|  |TAMS 0x000000008dd00000| PB 0x000000008dd00000| Untracked 
|  50|0x000000008de00000, 0x000000008df00000, 0x000000008df00000|100%| O|  |TAMS 0x000000008de00000| PB 0x000000008de00000| Untracked 
|  51|0x000000008df00000, 0x000000008e000000, 0x000000008e000000|100%| O|  |TAMS 0x000000008df00000| PB 0x000000008df00000| Untracked 
|  52|0x000000008e000000, 0x000000008e100000, 0x000000008e100000|100%| O|  |TAMS 0x000000008e000000| PB 0x000000008e000000| Untracked 
|  53|0x000000008e100000, 0x000000008e200000, 0x000000008e200000|100%| O|  |TAMS 0x000000008e100000| PB 0x000000008e100000| Untracked 
|  54|0x000000008e200000, 0x000000008e300000, 0x000000008e300000|100%|HS|  |TAMS 0x000000008e200000| PB 0x000000008e200000| Complete 
|  55|0x000000008e300000, 0x000000008e400000, 0x000000008e400000|100%| O|  |TAMS 0x000000008e300000| PB 0x000000008e300000| Untracked 
|  56|0x000000008e400000, 0x000000008e500000, 0x000000008e500000|100%| O|  |TAMS 0x000000008e400000| PB 0x000000008e400000| Untracked 
|  57|0x000000008e500000, 0x000000008e600000, 0x000000008e600000|100%| O|  |TAMS 0x000000008e500000| PB 0x000000008e500000| Untracked 
|  58|0x000000008e600000, 0x000000008e700000, 0x000000008e700000|100%| O|  |TAMS 0x000000008e600000| PB 0x000000008e600000| Untracked 
|  59|0x000000008e700000, 0x000000008e800000, 0x000000008e800000|100%| O|  |TAMS 0x000000008e700000| PB 0x000000008e700000| Untracked 
|  60|0x000000008e800000, 0x000000008e900000, 0x000000008e900000|100%| O|  |TAMS 0x000000008e800000| PB 0x000000008e800000| Untracked 
|  61|0x000000008e900000, 0x000000008ea00000, 0x000000008ea00000|100%| O|  |TAMS 0x000000008e900000| PB 0x000000008e900000| Untracked 
|  62|0x000000008ea00000, 0x000000008eb00000, 0x000000008eb00000|100%| O|  |TAMS 0x000000008ea00000| PB 0x000000008ea00000| Untracked 
|  63|0x000000008eb00000, 0x000000008ec00000, 0x000000008ec00000|100%| O|  |TAMS 0x000000008eb00000| PB 0x000000008eb00000| Untracked 
|  64|0x000000008ec00000, 0x000000008ed00000, 0x000000008ed00000|100%| O|  |TAMS 0x000000008ec00000| PB 0x000000008ec00000| Untracked 
|  65|0x000000008ed00000, 0x000000008ee00000, 0x000000008ee00000|100%| O|  |TAMS 0x000000008ed00000| PB 0x000000008ed00000| Untracked 
|  66|0x000000008ee00000, 0x000000008ef00000, 0x000000008ef00000|100%| O|  |TAMS 0x000000008ee00000| PB 0x000000008ee00000| Untracked 
|  67|0x000000008ef00000, 0x000000008f000000, 0x000000008f000000|100%| O|  |TAMS 0x000000008ef00000| PB 0x000000008ef00000| Untracked 
|  68|0x000000008f000000, 0x000000008f100000, 0x000000008f100000|100%| O|  |TAMS 0x000000008f000000| PB 0x000000008f000000| Untracked 
|  69|0x000000008f100000, 0x000000008f200000, 0x000000008f200000|100%| O|  |TAMS 0x000000008f100000| PB 0x000000008f100000| Untracked 
|  70|0x000000008f200000, 0x000000008f300000, 0x000000008f300000|100%| O|  |TAMS 0x000000008f200000| PB 0x000000008f200000| Untracked 
|  71|0x000000008f300000, 0x000000008f400000, 0x000000008f400000|100%| O|  |TAMS 0x000000008f300000| PB 0x000000008f300000| Untracked 
|  72|0x000000008f400000, 0x000000008f500000, 0x000000008f500000|100%| O|  |TAMS 0x000000008f400000| PB 0x000000008f400000| Untracked 
|  73|0x000000008f500000, 0x000000008f600000, 0x000000008f600000|100%| O|  |TAMS 0x000000008f500000| PB 0x000000008f500000| Untracked 
|  74|0x000000008f600000, 0x000000008f700000, 0x000000008f700000|100%| O|  |TAMS 0x000000008f600000| PB 0x000000008f600000| Untracked 
|  75|0x000000008f700000, 0x000000008f800000, 0x000000008f800000|100%| O|  |TAMS 0x000000008f700000| PB 0x000000008f700000| Untracked 
|  76|0x000000008f800000, 0x000000008f900000, 0x000000008f900000|100%| O|  |TAMS 0x000000008f800000| PB 0x000000008f800000| Untracked 
|  77|0x000000008f900000, 0x000000008fa00000, 0x000000008fa00000|100%| O|  |TAMS 0x000000008f900000| PB 0x000000008f900000| Untracked 
|  78|0x000000008fa00000, 0x000000008fb00000, 0x000000008fb00000|100%| O|  |TAMS 0x000000008fa00000| PB 0x000000008fa00000| Untracked 
|  79|0x000000008fb00000, 0x000000008fc00000, 0x000000008fc00000|100%| O|  |TAMS 0x000000008fb00000| PB 0x000000008fb00000| Untracked 
|  80|0x000000008fc00000, 0x000000008fd00000, 0x000000008fd00000|100%| O|  |TAMS 0x000000008fc00000| PB 0x000000008fc00000| Untracked 
|  81|0x000000008fd00000, 0x000000008fe00000, 0x000000008fe00000|100%| O|  |TAMS 0x000000008fd00000| PB 0x000000008fd00000| Untracked 
|  82|0x000000008fe00000, 0x000000008ff00000, 0x000000008ff00000|100%| O|  |TAMS 0x000000008fe00000| PB 0x000000008fe00000| Untracked 
|  83|0x000000008ff00000, 0x0000000090000000, 0x0000000090000000|100%| O|  |TAMS 0x000000008ff00000| PB 0x000000008ff00000| Untracked 
|  84|0x0000000090000000, 0x0000000090100000, 0x0000000090100000|100%| O|  |TAMS 0x0000000090000000| PB 0x0000000090000000| Untracked 
|  85|0x0000000090100000, 0x0000000090200000, 0x0000000090200000|100%| O|  |TAMS 0x0000000090100000| PB 0x0000000090100000| Untracked 
|  86|0x0000000090200000, 0x0000000090300000, 0x0000000090300000|100%| O|  |TAMS 0x0000000090200000| PB 0x0000000090200000| Untracked 
|  87|0x0000000090300000, 0x0000000090400000, 0x0000000090400000|100%| O|  |TAMS 0x0000000090300000| PB 0x0000000090300000| Untracked 
|  88|0x0000000090400000, 0x0000000090500000, 0x0000000090500000|100%| O|  |TAMS 0x0000000090400000| PB 0x0000000090400000| Untracked 
|  89|0x0000000090500000, 0x0000000090600000, 0x0000000090600000|100%| O|  |TAMS 0x0000000090500000| PB 0x0000000090500000| Untracked 
|  90|0x0000000090600000, 0x0000000090700000, 0x0000000090700000|100%| O|  |TAMS 0x0000000090600000| PB 0x0000000090600000| Untracked 
|  91|0x0000000090700000, 0x0000000090800000, 0x0000000090800000|100%| O|  |TAMS 0x0000000090700000| PB 0x0000000090700000| Untracked 
|  92|0x0000000090800000, 0x0000000090900000, 0x0000000090900000|100%| O|  |TAMS 0x0000000090800000| PB 0x0000000090800000| Untracked 
|  93|0x0000000090900000, 0x0000000090a00000, 0x0000000090a00000|100%| O|  |TAMS 0x0000000090900000| PB 0x0000000090900000| Untracked 
|  94|0x0000000090a00000, 0x0000000090b00000, 0x0000000090b00000|100%| O|  |TAMS 0x0000000090a00000| PB 0x0000000090a00000| Untracked 
|  95|0x0000000090b00000, 0x0000000090c00000, 0x0000000090c00000|100%| O|  |TAMS 0x0000000090b00000| PB 0x0000000090b00000| Untracked 
|  96|0x0000000090c00000, 0x0000000090d00000, 0x0000000090d00000|100%| O|  |TAMS 0x0000000090c00000| PB 0x0000000090c00000| Untracked 
|  97|0x0000000090d00000, 0x0000000090e00000, 0x0000000090e00000|100%| O|  |TAMS 0x0000000090d00000| PB 0x0000000090d00000| Untracked 
|  98|0x0000000090e00000, 0x0000000090f00000, 0x0000000090f00000|100%| O|  |TAMS 0x0000000090e00000| PB 0x0000000090e00000| Untracked 
|  99|0x0000000090f00000, 0x0000000090f673f0, 0x0000000091000000| 40%| O|  |TAMS 0x0000000090f00000| PB 0x0000000090f00000| Untracked 
| 100|0x0000000091000000, 0x0000000091000000, 0x0000000091100000|  0%| F|  |TAMS 0x0000000091000000| PB 0x0000000091000000| Untracked 
| 101|0x0000000091100000, 0x0000000091100000, 0x0000000091200000|  0%| F|  |TAMS 0x0000000091100000| PB 0x0000000091100000| Untracked 
| 102|0x0000000091200000, 0x0000000091200000, 0x0000000091300000|  0%| F|  |TAMS 0x0000000091200000| PB 0x0000000091200000| Untracked 
| 103|0x0000000091300000, 0x0000000091300000, 0x0000000091400000|  0%| F|  |TAMS 0x0000000091300000| PB 0x0000000091300000| Untracked 
| 104|0x0000000091400000, 0x0000000091400000, 0x0000000091500000|  0%| F|  |TAMS 0x0000000091400000| PB 0x0000000091400000| Untracked 
| 105|0x0000000091500000, 0x0000000091500000, 0x0000000091600000|  0%| F|  |TAMS 0x0000000091500000| PB 0x0000000091500000| Untracked 
| 106|0x0000000091600000, 0x0000000091600000, 0x0000000091700000|  0%| F|  |TAMS 0x0000000091600000| PB 0x0000000091600000| Untracked 
| 107|0x0000000091700000, 0x0000000091700000, 0x0000000091800000|  0%| F|  |TAMS 0x0000000091700000| PB 0x0000000091700000| Untracked 
| 108|0x0000000091800000, 0x0000000091800000, 0x0000000091900000|  0%| F|  |TAMS 0x0000000091800000| PB 0x0000000091800000| Untracked 
| 109|0x0000000091900000, 0x0000000091900000, 0x0000000091a00000|  0%| F|  |TAMS 0x0000000091900000| PB 0x0000000091900000| Untracked 
| 110|0x0000000091a00000, 0x0000000091a00000, 0x0000000091b00000|  0%| F|  |TAMS 0x0000000091a00000| PB 0x0000000091a00000| Untracked 
| 111|0x0000000091b00000, 0x0000000091b00000, 0x0000000091c00000|  0%| F|  |TAMS 0x0000000091b00000| PB 0x0000000091b00000| Untracked 
| 112|0x0000000091c00000, 0x0000000091c00000, 0x0000000091d00000|  0%| F|  |TAMS 0x0000000091c00000| PB 0x0000000091c00000| Untracked 
| 113|0x0000000091d00000, 0x0000000091d00000, 0x0000000091e00000|  0%| F|  |TAMS 0x0000000091d00000| PB 0x0000000091d00000| Untracked 
| 114|0x0000000091e00000, 0x0000000091e00000, 0x0000000091f00000|  0%| F|  |TAMS 0x0000000091e00000| PB 0x0000000091e00000| Untracked 
| 115|0x0000000091f00000, 0x0000000091f00000, 0x0000000092000000|  0%| F|  |TAMS 0x0000000091f00000| PB 0x0000000091f00000| Untracked 
| 116|0x0000000092000000, 0x0000000092000000, 0x0000000092100000|  0%| F|  |TAMS 0x0000000092000000| PB 0x0000000092000000| Untracked 
| 117|0x0000000092100000, 0x0000000092100000, 0x0000000092200000|  0%| F|  |TAMS 0x0000000092100000| PB 0x0000000092100000| Untracked 
| 118|0x0000000092200000, 0x0000000092200000, 0x0000000092300000|  0%| F|  |TAMS 0x0000000092200000| PB 0x0000000092200000| Untracked 
| 119|0x0000000092300000, 0x0000000092300000, 0x0000000092400000|  0%| F|  |TAMS 0x0000000092300000| PB 0x0000000092300000| Untracked 
| 120|0x0000000092400000, 0x0000000092400000, 0x0000000092500000|  0%| F|  |TAMS 0x0000000092400000| PB 0x0000000092400000| Untracked 
| 121|0x0000000092500000, 0x0000000092500000, 0x0000000092600000|  0%| F|  |TAMS 0x0000000092500000| PB 0x0000000092500000| Untracked 
| 122|0x0000000092600000, 0x0000000092600000, 0x0000000092700000|  0%| F|  |TAMS 0x0000000092600000| PB 0x0000000092600000| Untracked 
| 123|0x0000000092700000, 0x0000000092800000, 0x0000000092800000|100%| S|CS|TAMS 0x0000000092700000| PB 0x0000000092700000| Complete 
| 124|0x0000000092800000, 0x0000000092900000, 0x0000000092900000|100%| S|CS|TAMS 0x0000000092800000| PB 0x0000000092800000| Complete 
| 125|0x0000000092900000, 0x0000000092a00000, 0x0000000092a00000|100%| S|CS|TAMS 0x0000000092900000| PB 0x0000000092900000| Complete 
| 126|0x0000000092a00000, 0x0000000092b00000, 0x0000000092b00000|100%| S|CS|TAMS 0x0000000092a00000| PB 0x0000000092a00000| Complete 
| 127|0x0000000092b00000, 0x0000000092c00000, 0x0000000092c00000|100%| S|CS|TAMS 0x0000000092b00000| PB 0x0000000092b00000| Complete 
| 128|0x0000000092c00000, 0x0000000092d00000, 0x0000000092d00000|100%| S|CS|TAMS 0x0000000092c00000| PB 0x0000000092c00000| Complete 
| 129|0x0000000092d00000, 0x0000000092e00000, 0x0000000092e00000|100%| S|CS|TAMS 0x0000000092d00000| PB 0x0000000092d00000| Complete 
| 130|0x0000000092e00000, 0x0000000092f00000, 0x0000000092f00000|100%| S|CS|TAMS 0x0000000092e00000| PB 0x0000000092e00000| Complete 
| 131|0x0000000092f00000, 0x0000000092f00000, 0x0000000093000000|  0%| F|  |TAMS 0x0000000092f00000| PB 0x0000000092f00000| Untracked 
| 132|0x0000000093000000, 0x0000000093000000, 0x0000000093100000|  0%| F|  |TAMS 0x0000000093000000| PB 0x0000000093000000| Untracked 
| 133|0x0000000093100000, 0x0000000093100000, 0x0000000093200000|  0%| F|  |TAMS 0x0000000093100000| PB 0x0000000093100000| Untracked 
| 134|0x0000000093200000, 0x0000000093200000, 0x0000000093300000|  0%| F|  |TAMS 0x0000000093200000| PB 0x0000000093200000| Untracked 
| 135|0x0000000093300000, 0x0000000093300000, 0x0000000093400000|  0%| F|  |TAMS 0x0000000093300000| PB 0x0000000093300000| Untracked 
| 136|0x0000000093400000, 0x0000000093400000, 0x0000000093500000|  0%| F|  |TAMS 0x0000000093400000| PB 0x0000000093400000| Untracked 
| 137|0x0000000093500000, 0x0000000093500000, 0x0000000093600000|  0%| F|  |TAMS 0x0000000093500000| PB 0x0000000093500000| Untracked 
| 138|0x0000000093600000, 0x0000000093680000, 0x0000000093700000| 50%| E|  |TAMS 0x0000000093600000| PB 0x0000000093600000| Complete 
| 139|0x0000000093700000, 0x0000000093800000, 0x0000000093800000|100%| E|CS|TAMS 0x0000000093700000| PB 0x0000000093700000| Complete 
| 140|0x0000000093800000, 0x0000000093900000, 0x0000000093900000|100%| E|CS|TAMS 0x0000000093800000| PB 0x0000000093800000| Complete 
| 141|0x0000000093900000, 0x0000000093a00000, 0x0000000093a00000|100%| E|CS|TAMS 0x0000000093900000| PB 0x0000000093900000| Complete 
| 142|0x0000000093a00000, 0x0000000093b00000, 0x0000000093b00000|100%| E|CS|TAMS 0x0000000093a00000| PB 0x0000000093a00000| Complete 
| 143|0x0000000093b00000, 0x0000000093c00000, 0x0000000093c00000|100%| E|CS|TAMS 0x0000000093b00000| PB 0x0000000093b00000| Complete 
| 144|0x0000000093c00000, 0x0000000093d00000, 0x0000000093d00000|100%| E|CS|TAMS 0x0000000093c00000| PB 0x0000000093c00000| Complete 
| 145|0x0000000093d00000, 0x0000000093e00000, 0x0000000093e00000|100%| E|CS|TAMS 0x0000000093d00000| PB 0x0000000093d00000| Complete 
| 146|0x0000000093e00000, 0x0000000093f00000, 0x0000000093f00000|100%| E|CS|TAMS 0x0000000093e00000| PB 0x0000000093e00000| Complete 
| 147|0x0000000093f00000, 0x0000000094000000, 0x0000000094000000|100%| E|CS|TAMS 0x0000000093f00000| PB 0x0000000093f00000| Complete 
| 148|0x0000000094000000, 0x0000000094100000, 0x0000000094100000|100%| E|CS|TAMS 0x0000000094000000| PB 0x0000000094000000| Complete 
| 149|0x0000000094100000, 0x0000000094200000, 0x0000000094200000|100%| E|CS|TAMS 0x0000000094100000| PB 0x0000000094100000| Complete 
| 150|0x0000000094200000, 0x0000000094300000, 0x0000000094300000|100%| E|CS|TAMS 0x0000000094200000| PB 0x0000000094200000| Complete 
| 151|0x0000000094300000, 0x0000000094400000, 0x0000000094400000|100%| E|CS|TAMS 0x0000000094300000| PB 0x0000000094300000| Complete 
| 152|0x0000000094400000, 0x0000000094500000, 0x0000000094500000|100%| E|CS|TAMS 0x0000000094400000| PB 0x0000000094400000| Complete 
| 153|0x0000000094500000, 0x0000000094600000, 0x0000000094600000|100%| E|CS|TAMS 0x0000000094500000| PB 0x0000000094500000| Complete 
| 154|0x0000000094600000, 0x0000000094700000, 0x0000000094700000|100%| E|CS|TAMS 0x0000000094600000| PB 0x0000000094600000| Complete 
| 155|0x0000000094700000, 0x0000000094800000, 0x0000000094800000|100%| E|CS|TAMS 0x0000000094700000| PB 0x0000000094700000| Complete 
| 156|0x0000000094800000, 0x0000000094900000, 0x0000000094900000|100%| E|CS|TAMS 0x0000000094800000| PB 0x0000000094800000| Complete 
| 157|0x0000000094900000, 0x0000000094a00000, 0x0000000094a00000|100%| E|CS|TAMS 0x0000000094900000| PB 0x0000000094900000| Complete 
| 158|0x0000000094a00000, 0x0000000094b00000, 0x0000000094b00000|100%| E|CS|TAMS 0x0000000094a00000| PB 0x0000000094a00000| Complete 
| 159|0x0000000094b00000, 0x0000000094c00000, 0x0000000094c00000|100%| E|CS|TAMS 0x0000000094b00000| PB 0x0000000094b00000| Complete 
| 160|0x0000000094c00000, 0x0000000094d00000, 0x0000000094d00000|100%| E|CS|TAMS 0x0000000094c00000| PB 0x0000000094c00000| Complete 
| 161|0x0000000094d00000, 0x0000000094e00000, 0x0000000094e00000|100%| E|CS|TAMS 0x0000000094d00000| PB 0x0000000094d00000| Complete 
| 162|0x0000000094e00000, 0x0000000094f00000, 0x0000000094f00000|100%| E|CS|TAMS 0x0000000094e00000| PB 0x0000000094e00000| Complete 
| 163|0x0000000094f00000, 0x0000000095000000, 0x0000000095000000|100%| E|CS|TAMS 0x0000000094f00000| PB 0x0000000094f00000| Complete 
| 164|0x0000000095000000, 0x0000000095100000, 0x0000000095100000|100%| E|CS|TAMS 0x0000000095000000| PB 0x0000000095000000| Complete 
| 165|0x0000000095100000, 0x0000000095200000, 0x0000000095200000|100%| E|CS|TAMS 0x0000000095100000| PB 0x0000000095100000| Complete 
| 166|0x0000000095200000, 0x0000000095300000, 0x0000000095300000|100%| E|CS|TAMS 0x0000000095200000| PB 0x0000000095200000| Complete 
| 167|0x0000000095300000, 0x0000000095400000, 0x0000000095400000|100%| E|CS|TAMS 0x0000000095300000| PB 0x0000000095300000| Complete 
| 168|0x0000000095400000, 0x0000000095500000, 0x0000000095500000|100%| E|CS|TAMS 0x0000000095400000| PB 0x0000000095400000| Complete 
| 169|0x0000000095500000, 0x0000000095600000, 0x0000000095600000|100%| E|CS|TAMS 0x0000000095500000| PB 0x0000000095500000| Complete 
| 170|0x0000000095600000, 0x0000000095700000, 0x0000000095700000|100%| E|CS|TAMS 0x0000000095600000| PB 0x0000000095600000| Complete 
| 171|0x0000000095700000, 0x0000000095800000, 0x0000000095800000|100%| E|CS|TAMS 0x0000000095700000| PB 0x0000000095700000| Complete 
| 172|0x0000000095800000, 0x0000000095900000, 0x0000000095900000|100%| E|CS|TAMS 0x0000000095800000| PB 0x0000000095800000| Complete 
| 173|0x0000000095900000, 0x0000000095a00000, 0x0000000095a00000|100%| E|CS|TAMS 0x0000000095900000| PB 0x0000000095900000| Complete 
| 174|0x0000000095a00000, 0x0000000095b00000, 0x0000000095b00000|100%| E|CS|TAMS 0x0000000095a00000| PB 0x0000000095a00000| Complete 
| 175|0x0000000095b00000, 0x0000000095c00000, 0x0000000095c00000|100%| E|CS|TAMS 0x0000000095b00000| PB 0x0000000095b00000| Complete 
| 176|0x0000000095c00000, 0x0000000095d00000, 0x0000000095d00000|100%| E|CS|TAMS 0x0000000095c00000| PB 0x0000000095c00000| Complete 
| 177|0x0000000095d00000, 0x0000000095e00000, 0x0000000095e00000|100%| E|CS|TAMS 0x0000000095d00000| PB 0x0000000095d00000| Complete 
| 178|0x0000000095e00000, 0x0000000095f00000, 0x0000000095f00000|100%| E|CS|TAMS 0x0000000095e00000| PB 0x0000000095e00000| Complete 
| 179|0x0000000095f00000, 0x0000000096000000, 0x0000000096000000|100%| E|CS|TAMS 0x0000000095f00000| PB 0x0000000095f00000| Complete 
| 180|0x0000000096000000, 0x0000000096100000, 0x0000000096100000|100%| E|CS|TAMS 0x0000000096000000| PB 0x0000000096000000| Complete 
| 181|0x0000000096100000, 0x0000000096200000, 0x0000000096200000|100%| E|CS|TAMS 0x0000000096100000| PB 0x0000000096100000| Complete 
| 182|0x0000000096200000, 0x0000000096300000, 0x0000000096300000|100%| E|CS|TAMS 0x0000000096200000| PB 0x0000000096200000| Complete 
| 183|0x0000000096300000, 0x0000000096400000, 0x0000000096400000|100%| E|CS|TAMS 0x0000000096300000| PB 0x0000000096300000| Complete 
| 184|0x0000000096400000, 0x0000000096500000, 0x0000000096500000|100%| E|CS|TAMS 0x0000000096400000| PB 0x0000000096400000| Complete 
| 185|0x0000000096500000, 0x0000000096600000, 0x0000000096600000|100%| E|CS|TAMS 0x0000000096500000| PB 0x0000000096500000| Complete 
|1871|0x00000000ffb00000, 0x00000000ffc00000, 0x00000000ffc00000|100%| O|  |TAMS 0x00000000ffb00000| PB 0x00000000ffb00000| Untracked 
|1872|0x00000000ffc00000, 0x00000000ffd00000, 0x00000000ffd00000|100%| E|CS|TAMS 0x00000000ffc00000| PB 0x00000000ffc00000| Complete 
|1873|0x00000000ffd00000, 0x00000000ffe00000, 0x00000000ffe00000|100%| O|  |TAMS 0x00000000ffd00000| PB 0x00000000ffd00000| Untracked 
|1874|0x00000000ffe00000, 0x00000000fff00000, 0x00000000fff00000|100%| O|  |TAMS 0x00000000ffe00000| PB 0x00000000ffe00000| Untracked 
|1875|0x00000000fff00000, 0x0000000100000000, 0x0000000100000000|100%| E|CS|TAMS 0x00000000fff00000| PB 0x00000000fff00000| Complete 

Card table byte_map: [0x000001c560560000,0x000001c560910000] _byte_map_base: 0x000001c56010a000

Marking Bits: (CMBitMap*) 0x000001c54db5c170
 Bits: [0x000001c560910000, 0x000001c562660000)

Polling page: 0x000001c54b940000

Metaspace:

Usage:
  Non-class:     58.53 MB used.
      Class:      7.49 MB used.
       Both:     66.02 MB used.

Virtual space:
  Non-class space:       64.00 MB reserved,      58.69 MB ( 92%) committed,  1 nodes.
      Class space:        1.00 GB reserved,       7.62 MB ( <1%) committed,  1 nodes.
             Both:        1.06 GB reserved,      66.31 MB (  6%) committed. 

Chunk freelists:
   Non-Class:  5.06 MB
       Class:  8.41 MB
        Both:  13.47 MB

MaxMetaspaceSize: unlimited
CompressedClassSpaceSize: 1.00 GB
Initial GC threshold: 21.00 MB
Current GC threshold: 92.19 MB
CDS: off
 - commit_granule_bytes: 65536.
 - commit_granule_words: 8192.
 - virtual_space_node_default_size: 8388608.
 - enlarge_chunks_in_place: 1.
 - use_allocation_guard: 0.


Internal statistics:

num_allocs_failed_limit: 3.
num_arena_births: 306.
num_arena_deaths: 0.
num_vsnodes_births: 2.
num_vsnodes_deaths: 0.
num_space_committed: 1059.
num_space_uncommitted: 0.
num_chunks_returned_to_freelist: 3.
num_chunks_taken_from_freelist: 2368.
num_chunk_merges: 3.
num_chunk_splits: 1961.
num_chunks_enlarged: 1782.
num_inconsistent_stats: 0.

CodeHeap 'non-profiled nmethods': size=120000Kb used=6705Kb max_used=6705Kb free=113294Kb
 bounds [0x000001c558730000, 0x000001c558dc0000, 0x000001c55fc60000]
CodeHeap 'profiled nmethods': size=120000Kb used=32573Kb max_used=32573Kb free=87426Kb
 bounds [0x000001c550c60000, 0x000001c552c30000, 0x000001c558190000]
CodeHeap 'non-nmethods': size=5760Kb used=1648Kb max_used=1705Kb free=4111Kb
 bounds [0x000001c558190000, 0x000001c558400000, 0x000001c558730000]
CodeCache: size=245760Kb, used=40926Kb, max_used=40983Kb, free=204831Kb
 total_blobs=10761, nmethods=10072, adapters=592, full_count=0
Compilation: enabled, stopped_count=0, restarted_count=0

Compilation events (20 events):
Event: 15.254 Thread 0x000001c5654f0610 nmethod 10834 0x000001c552c05890 code [0x000001c552c05ce0, 0x000001c552c07810]
Event: 15.254 Thread 0x000001c5654f0610 10840       3       org.jetbrains.kotlin.resolve.calls.inference.components.TrivialConstraintTypeInferenceOracle::isNotInterestingConstraint (38 bytes)
Event: 15.255 Thread 0x000001c5654f0610 nmethod 10840 0x000001c552c08090 code [0x000001c552c08400, 0x000001c552c09748]
Event: 15.255 Thread 0x000001c5654f0610 10837       1       org.jetbrains.kotlin.fir.references.impl.FirImplicitThisReference::isImplicit (5 bytes)
Event: 15.255 Thread 0x000001c5654f0610 nmethod 10837 0x000001c558dbac90 code [0x000001c558dbae20, 0x000001c558dbaef0]
Event: 15.255 Thread 0x000001c5654f0610 10838       1       org.jetbrains.kotlin.fir.expressions.impl.FirThisReceiverExpressionImpl::getSource (5 bytes)
Event: 15.255 Thread 0x000001c5654f0610 nmethod 10838 0x000001c558dbaf90 code [0x000001c558dbb120, 0x000001c558dbb1e8]
Event: 15.255 Thread 0x000001c5654f0610 10839       1       org.jetbrains.kotlin.fir.expressions.impl.FirThisReceiverExpressionImpl::getNonFatalDiagnostics-5e3fPpI (5 bytes)
Event: 15.256 Thread 0x000001c5654f0610 nmethod 10839 0x000001c558dbb290 code [0x000001c558dbb420, 0x000001c558dbb4e8]
Event: 15.256 Thread 0x000001c5654f0610 10841       3       org.jetbrains.kotlin.fir.expressions.FirPropertyAccessExpression::transform (22 bytes)
Event: 15.257 Thread 0x000001c5654f0610 nmethod 10841 0x000001c552c09d90 code [0x000001c552c0a040, 0x000001c552c0abc8]
Event: 15.258 Thread 0x000001c5654f0610 10842       3       org.jetbrains.kotlin.fir.resolve.transformers.body.resolve.FirDeclarationsResolveTransformer::getBodyResolved (29 bytes)
Event: 15.259 Thread 0x000001c5654f0610 nmethod 10842 0x000001c552c0b010 code [0x000001c552c0b260, 0x000001c552c0bab8]
Event: 15.261 Thread 0x000001c5654f0610 10843       3       org.jetbrains.kotlin.fir.resolve.calls.tower.TowerResolveManager$stopResolverTask$1::<init> (11 bytes)
Event: 15.261 Thread 0x000001c5654f0610 nmethod 10843 0x000001c552c0bd90 code [0x000001c552c0bf80, 0x000001c552c0c458]
Event: 15.261 Thread 0x000001c5654f0610 10844       3       org.jetbrains.kotlin.fir.resolve.calls.candidate.CandidateFactory::isCandidateFromCompanionObjectTypeScope (95 bytes)
Event: 15.262 Thread 0x000001c5654f0610 nmethod 10844 0x000001c552c0c610 code [0x000001c552c0c880, 0x000001c552c0d208]
Event: 15.263 Thread 0x000001c5654f0610 10845       3       org.jetbrains.kotlin.resolve.calls.inference.ConstraintSystemBuilderKt::addSubtypeConstraintIfCompatible (35 bytes)
Event: 15.264 Thread 0x000001c5654f0610 nmethod 10845 0x000001c552c0d490 code [0x000001c552c0d820, 0x000001c552c0eab0]
Event: 15.265 Thread 0x000001c5654f0610 10846       3       org.jetbrains.kotlin.util.capitalizeDecapitalize.CapitalizeDecapitalizeKt::toLowerCaseAsciiOnly (96 bytes)

GC Heap History (20 events):
Event: 6.867 GC heap before
{Heap before GC invocations=18 (full 0):
 garbage-first heap   total 66560K, used 56083K [0x000000008ac00000, 0x0000000100000000)
  region size 1024K, 15 young (15360K), 2 survivors (2048K)
 Metaspace       used 44632K, committed 44800K, reserved 1114112K
  class space    used 5243K, committed 5312K, reserved 1048576K
}
Event: 6.878 GC heap after
{Heap after GC invocations=19 (full 0):
 garbage-first heap   total 66560K, used 46390K [0x000000008ac00000, 0x0000000100000000)
  region size 1024K, 2 young (2048K), 2 survivors (2048K)
 Metaspace       used 44632K, committed 44800K, reserved 1114112K
  class space    used 5243K, committed 5312K, reserved 1048576K
}
Event: 7.117 GC heap before
{Heap before GC invocations=19 (full 0):
 garbage-first heap   total 66560K, used 56630K [0x000000008ac00000, 0x0000000100000000)
  region size 1024K, 12 young (12288K), 2 survivors (2048K)
 Metaspace       used 44654K, committed 44864K, reserved 1114112K
  class space    used 5244K, committed 5312K, reserved 1048576K
}
Event: 7.125 GC heap after
{Heap after GC invocations=20 (full 0):
 garbage-first heap   total 66560K, used 49880K [0x000000008ac00000, 0x0000000100000000)
  region size 1024K, 2 young (2048K), 2 survivors (2048K)
 Metaspace       used 44654K, committed 44864K, reserved 1114112K
  class space    used 5244K, committed 5312K, reserved 1048576K
}
Event: 7.229 GC heap before
{Heap before GC invocations=21 (full 0):
 garbage-first heap   total 83968K, used 59096K [0x000000008ac00000, 0x0000000100000000)
  region size 1024K, 11 young (11264K), 2 survivors (2048K)
 Metaspace       used 44682K, committed 44864K, reserved 1114112K
  class space    used 5244K, committed 5312K, reserved 1048576K
}
Event: 7.238 GC heap after
{Heap after GC invocations=22 (full 0):
 garbage-first heap   total 83968K, used 52786K [0x000000008ac00000, 0x0000000100000000)
  region size 1024K, 2 young (2048K), 2 survivors (2048K)
 Metaspace       used 44682K, committed 44864K, reserved 1114112K
  class space    used 5244K, committed 5312K, reserved 1048576K
}
Event: 7.505 GC heap before
{Heap before GC invocations=22 (full 0):
 garbage-first heap   total 83968K, used 70194K [0x000000008ac00000, 0x0000000100000000)
  region size 1024K, 19 young (19456K), 2 survivors (2048K)
 Metaspace       used 44715K, committed 44864K, reserved 1114112K
  class space    used 5244K, committed 5312K, reserved 1048576K
}
Event: 7.520 GC heap after
{Heap after GC invocations=23 (full 0):
 garbage-first heap   total 143360K, used 58279K [0x000000008ac00000, 0x0000000100000000)
  region size 1024K, 3 young (3072K), 3 survivors (3072K)
 Metaspace       used 44715K, committed 44864K, reserved 1114112K
  class space    used 5244K, committed 5312K, reserved 1048576K
}
Event: 9.351 GC heap before
{Heap before GC invocations=23 (full 0):
 garbage-first heap   total 143360K, used 108455K [0x000000008ac00000, 0x0000000100000000)
  region size 1024K, 53 young (54272K), 3 survivors (3072K)
 Metaspace       used 50432K, committed 50752K, reserved 1114112K
  class space    used 5853K, committed 6016K, reserved 1048576K
}
Event: 9.374 GC heap after
{Heap after GC invocations=24 (full 0):
 garbage-first heap   total 143360K, used 64756K [0x000000008ac00000, 0x0000000100000000)
  region size 1024K, 7 young (7168K), 7 survivors (7168K)
 Metaspace       used 50432K, committed 50752K, reserved 1114112K
  class space    used 5853K, committed 6016K, reserved 1048576K
}
Event: 9.867 GC heap before
{Heap before GC invocations=24 (full 0):
 garbage-first heap   total 143360K, used 113908K [0x000000008ac00000, 0x0000000100000000)
  region size 1024K, 54 young (55296K), 7 survivors (7168K)
 Metaspace       used 52057K, committed 52352K, reserved 1114112K
  class space    used 6001K, committed 6144K, reserved 1048576K
}
Event: 9.896 GC heap after
{Heap after GC invocations=25 (full 0):
 garbage-first heap   total 143360K, used 81831K [0x000000008ac00000, 0x0000000100000000)
  region size 1024K, 7 young (7168K), 7 survivors (7168K)
 Metaspace       used 52057K, committed 52352K, reserved 1114112K
  class space    used 6001K, committed 6144K, reserved 1048576K
}
Event: 10.716 GC heap before
{Heap before GC invocations=25 (full 0):
 garbage-first heap   total 143360K, used 116647K [0x000000008ac00000, 0x0000000100000000)
  region size 1024K, 41 young (41984K), 7 survivors (7168K)
 Metaspace       used 56298K, committed 56576K, reserved 1114112K
  class space    used 6521K, committed 6656K, reserved 1048576K
}
Event: 10.739 GC heap after
{Heap after GC invocations=26 (full 0):
 garbage-first heap   total 143360K, used 88999K [0x000000008ac00000, 0x0000000100000000)
  region size 1024K, 6 young (6144K), 6 survivors (6144K)
 Metaspace       used 56298K, committed 56576K, reserved 1114112K
  class space    used 6521K, committed 6656K, reserved 1048576K
}
Event: 11.586 GC heap before
{Heap before GC invocations=27 (full 0):
 garbage-first heap   total 148480K, used 121767K [0x000000008ac00000, 0x0000000100000000)
  region size 1024K, 38 young (38912K), 6 survivors (6144K)
 Metaspace       used 59957K, committed 60224K, reserved 1114112K
  class space    used 6939K, committed 7040K, reserved 1048576K
}
Event: 11.604 GC heap after
{Heap after GC invocations=28 (full 0):
 garbage-first heap   total 148480K, used 95143K [0x000000008ac00000, 0x0000000100000000)
  region size 1024K, 5 young (5120K), 5 survivors (5120K)
 Metaspace       used 59957K, committed 60224K, reserved 1114112K
  class space    used 6939K, committed 7040K, reserved 1048576K
}
Event: 12.143 GC heap before
{Heap before GC invocations=28 (full 0):
 garbage-first heap   total 148480K, used 127911K [0x000000008ac00000, 0x0000000100000000)
  region size 1024K, 37 young (37888K), 5 survivors (5120K)
 Metaspace       used 60409K, committed 60608K, reserved 1114112K
  class space    used 6943K, committed 7040K, reserved 1048576K
}
Event: 12.161 GC heap after
{Heap after GC invocations=29 (full 0):
 garbage-first heap   total 195584K, used 102311K [0x000000008ac00000, 0x0000000100000000)
  region size 1024K, 5 young (5120K), 5 survivors (5120K)
 Metaspace       used 60409K, committed 60608K, reserved 1114112K
  class space    used 6943K, committed 7040K, reserved 1048576K
}
Event: 13.575 GC heap before
{Heap before GC invocations=29 (full 0):
 garbage-first heap   total 195584K, used 160679K [0x000000008ac00000, 0x0000000100000000)
  region size 1024K, 62 young (63488K), 5 survivors (5120K)
 Metaspace       used 65725K, committed 65984K, reserved 1114112K
  class space    used 7564K, committed 7680K, reserved 1048576K
}
Event: 13.603 GC heap after
{Heap after GC invocations=30 (full 0):
 garbage-first heap   total 195584K, used 112964K [0x000000008ac00000, 0x0000000100000000)
  region size 1024K, 8 young (8192K), 8 survivors (8192K)
 Metaspace       used 65725K, committed 65984K, reserved 1114112K
  class space    used 7564K, committed 7680K, reserved 1048576K
}

Dll operation events (3 events):
Event: 0.014 Loaded shared library D:\IDE\Android Studio\Android\jbr\bin\java.dll
Event: 0.022 Loaded shared library D:\IDE\Android Studio\Android\jbr\bin\zip.dll
Event: 2.012 Loaded shared library D:\IDE\Android Studio\Android\jbr\bin\verify.dll

Deoptimization events (20 events):
Event: 15.007 Thread 0x000001c54db09280 Uncommon trap: trap_request=0xffffffbe fr.pc=0x000001c558c95d5c relative=0x0000000000003d3c
Event: 15.007 Thread 0x000001c54db09280 Uncommon trap: reason=profile_predicate action=maybe_recompile pc=0x000001c558c95d5c method=org.jetbrains.kotlin.cli.jvm.index.JvmDependenciesIndexImpl.search(Lorg/jetbrains/kotlin/cli/jvm/index/JvmDependenciesIndexImpl$SearchRequest;Lkotlin/jvm/functions
Event: 15.007 Thread 0x000001c54db09280 DEOPT PACKING pc=0x000001c558c95d5c sp=0x000000a0b13f96c0
Event: 15.007 Thread 0x000001c54db09280 DEOPT UNPACKING pc=0x000001c5581e46a2 sp=0x000000a0b13f96d0 mode 2
Event: 15.019 Thread 0x000001c54db09280 DEOPT PACKING pc=0x000001c5529eb479 sp=0x000000a0b13fa600
Event: 15.019 Thread 0x000001c54db09280 DEOPT UNPACKING pc=0x000001c5581e4e42 sp=0x000000a0b13f9b40 mode 0
Event: 15.037 Thread 0x000001c54db09280 Uncommon trap: trap_request=0xffffffbe fr.pc=0x000001c558c95d5c relative=0x0000000000003d3c
Event: 15.037 Thread 0x000001c54db09280 Uncommon trap: reason=profile_predicate action=maybe_recompile pc=0x000001c558c95d5c method=org.jetbrains.kotlin.cli.jvm.index.JvmDependenciesIndexImpl.search(Lorg/jetbrains/kotlin/cli/jvm/index/JvmDependenciesIndexImpl$SearchRequest;Lkotlin/jvm/functions
Event: 15.037 Thread 0x000001c54db09280 DEOPT PACKING pc=0x000001c558c95d5c sp=0x000000a0b13f9b00
Event: 15.038 Thread 0x000001c54db09280 DEOPT UNPACKING pc=0x000001c5581e46a2 sp=0x000000a0b13f9b10 mode 2
Event: 15.042 Thread 0x000001c54db09280 Uncommon trap: trap_request=0xffffffbe fr.pc=0x000001c558c95d5c relative=0x0000000000003d3c
Event: 15.042 Thread 0x000001c54db09280 Uncommon trap: reason=profile_predicate action=maybe_recompile pc=0x000001c558c95d5c method=org.jetbrains.kotlin.cli.jvm.index.JvmDependenciesIndexImpl.search(Lorg/jetbrains/kotlin/cli/jvm/index/JvmDependenciesIndexImpl$SearchRequest;Lkotlin/jvm/functions
Event: 15.042 Thread 0x000001c54db09280 DEOPT PACKING pc=0x000001c558c95d5c sp=0x000000a0b13f9730
Event: 15.042 Thread 0x000001c54db09280 DEOPT UNPACKING pc=0x000001c5581e46a2 sp=0x000000a0b13f9740 mode 2
Event: 15.070 Thread 0x000001c54db09280 Uncommon trap: trap_request=0xffffff45 fr.pc=0x000001c558cf6654 relative=0x0000000000003554
Event: 15.070 Thread 0x000001c54db09280 Uncommon trap: reason=unstable_if action=reinterpret pc=0x000001c558cf6654 method=org.jetbrains.org.objectweb.asm.ClassReader.accept(Lorg/jetbrains/org/objectweb/asm/ClassVisitor;[Lorg/jetbrains/org/objectweb/asm/Attribute;I)V @ 286 c2
Event: 15.070 Thread 0x000001c54db09280 DEOPT PACKING pc=0x000001c558cf6654 sp=0x000000a0b13f95f0
Event: 15.070 Thread 0x000001c54db09280 DEOPT UNPACKING pc=0x000001c5581e46a2 sp=0x000000a0b13f95d8 mode 2
Event: 15.187 Thread 0x000001c54db09280 DEOPT PACKING pc=0x000001c5529eb479 sp=0x000000a0b13f9bd0
Event: 15.187 Thread 0x000001c54db09280 DEOPT UNPACKING pc=0x000001c5581e4e42 sp=0x000000a0b13f9110 mode 0

Classes loaded (20 events):
Event: 10.909 Loading class java/util/stream/Node$OfLong done
Event: 10.909 Loading class java/util/stream/Nodes$EmptyNode$OfLong done
Event: 10.909 Loading class java/util/stream/Nodes$EmptyNode$OfDouble
Event: 10.909 Loading class java/util/stream/Node$OfDouble
Event: 10.909 Loading class java/util/stream/Node$OfDouble done
Event: 10.909 Loading class java/util/stream/Nodes$EmptyNode$OfDouble done
Event: 10.909 Loading class java/util/stream/Nodes$FixedNodeBuilder
Event: 10.910 Loading class java/util/stream/Node$Builder
Event: 10.910 Loading class java/util/stream/Node$Builder done
Event: 10.910 Loading class java/util/stream/Nodes$ArrayNode
Event: 10.910 Loading class java/util/stream/Nodes$ArrayNode done
Event: 10.910 Loading class java/util/stream/Nodes$FixedNodeBuilder done
Event: 11.028 Loading class java/util/ComparableTimSort
Event: 11.029 Loading class java/util/ComparableTimSort done
Event: 12.727 Loading class java/util/AbstractList$RandomAccessSubList
Event: 12.727 Loading class java/util/AbstractList$RandomAccessSubList done
Event: 12.893 Loading class java/security/CodeSigner
Event: 12.893 Loading class java/security/CodeSigner done
Event: 14.155 Loading class java/lang/Byte$ByteCache
Event: 14.155 Loading class java/lang/Byte$ByteCache done

Classes unloaded (0 events):
No events

Classes redefined (0 events):
No events

Internal exceptions (20 events):
Event: 10.520 Thread 0x000001c54db09280 Exception <a 'java/lang/NoSuchMethodError'{0x00000000918862d0}: 'java.lang.Object java.lang.invoke.Invokers$Holder.linkToTargetMethod(java.lang.Object, java.lang.Object, java.lang.Object, int, java.lang.Object)'> (0x00000000918862d0) 
thrown [s\src\hotspot\share\interpreter\linkResolver.cpp, line 784]
Event: 10.864 Thread 0x000001c54db09280 Exception <a 'java/lang/NoSuchMethodError'{0x00000000937857d0}: 'java.lang.Object java.lang.invoke.Invokers$Holder.invokeExact_MT(java.lang.Object, java.lang.Object, java.lang.Object, java.lang.Object, java.lang.Object, java.lang.Object)'> (0x00000000937857d0) 
thrown [s\src\hotspot\share\interpreter\linkResolver.cpp, line 784]
Event: 11.049 Thread 0x000001c54db09280 Exception <a 'java/lang/NoSuchMethodError'{0x00000000930874a0}: 'void java.lang.invoke.DirectMethodHandle$Holder.invokeSpecial(java.lang.Object, java.lang.Object, int, java.lang.Object)'> (0x00000000930874a0) 
thrown [s\src\hotspot\share\interpreter\linkResolver.cpp, line 784]
Event: 11.979 Thread 0x000001c54db09280 Implicit null exception at 0x000001c558b26704 to 0x000001c558b267cc
Event: 12.693 Thread 0x000001c54db09280 Exception <a 'java/lang/NoSuchMethodError'{0x0000000094d2f800}: 'java.lang.Object java.lang.invoke.DirectMethodHandle$Holder.invokeSpecial(java.lang.Object, java.lang.Object, int, java.lang.Object, java.lang.Object)'> (0x0000000094d2f800) 
thrown [s\src\hotspot\share\interpreter\linkResolver.cpp, line 784]
Event: 12.774 Thread 0x000001c54db09280 Exception <a 'java/lang/NoSuchMethodError'{0x0000000094a54130}: 'java.lang.Object java.lang.invoke.DirectMethodHandle$Holder.newInvokeSpecial(java.lang.Object, java.lang.Object, java.lang.Object, java.lang.Object, int, java.lang.Object, java.lang.Object)'> (0x0000000094a54130) 
thrown [s\src\hotspot\share\interpreter\linkResolver.cpp, line 784]
Event: 12.775 Thread 0x000001c54db09280 Exception <a 'java/lang/NoSuchMethodError'{0x0000000094a5c010}: 'java.lang.Object java.lang.invoke.Invokers$Holder.linkToTargetMethod(java.lang.Object, java.lang.Object, java.lang.Object, int, java.lang.Object, java.lang.Object, java.lang.Object)'> (0x0000000094a5c010) 
thrown [s\src\hotspot\share\interpreter\linkResolver.cpp, line 784]
Event: 12.912 Thread 0x000001c54db09280 Exception <a 'java/lang/NoSuchMethodError'{0x00000000946fdbf8}: 'java.lang.Object java.lang.invoke.DirectMethodHandle$Holder.newInvokeSpecial(java.lang.Object, int, java.lang.Object)'> (0x00000000946fdbf8) 
thrown [s\src\hotspot\share\interpreter\linkResolver.cpp, line 784]
Event: 13.168 Thread 0x000001c54db09280 Exception <a 'java/lang/NoSuchMethodError'{0x0000000093df97d8}: 'java.lang.Object java.lang.invoke.DirectMethodHandle$Holder.invokeStatic(java.lang.Object, java.lang.Object, java.lang.Object, int, java.lang.Object, java.lang.Object)'> (0x0000000093df97d8) 
thrown [s\src\hotspot\share\interpreter\linkResolver.cpp, line 784]
Event: 13.169 Thread 0x000001c54db09280 Exception <a 'java/lang/NoSuchMethodError'{0x0000000093c01f18}: 'java.lang.Object java.lang.invoke.DirectMethodHandle$Holder.newInvokeSpecial(java.lang.Object, java.lang.Object, java.lang.Object, int)'> (0x0000000093c01f18) 
thrown [s\src\hotspot\share\interpreter\linkResolver.cpp, line 784]
Event: 13.169 Thread 0x000001c54db09280 Exception <a 'java/lang/NoSuchMethodError'{0x0000000093c06588}: 'java.lang.Object java.lang.invoke.DirectMethodHandle$Holder.invokeSpecial(java.lang.Object, java.lang.Object, java.lang.Object, java.lang.Object, int)'> (0x0000000093c06588) 
thrown [s\src\hotspot\share\interpreter\linkResolver.cpp, line 784]
Event: 13.169 Thread 0x000001c54db09280 Exception <a 'java/lang/NoSuchMethodError'{0x0000000093c0a4e0}: 'java.lang.Object java.lang.invoke.Invokers$Holder.linkToTargetMethod(java.lang.Object, java.lang.Object, int, java.lang.Object)'> (0x0000000093c0a4e0) 
thrown [s\src\hotspot\share\interpreter\linkResolver.cpp, line 784]
Event: 13.636 Thread 0x000001c54db09280 Exception <a 'java/lang/NoSuchMethodError'{0x00000000ffc30418}: 'java.lang.Object java.lang.invoke.DirectMethodHandle$Holder.invokeStatic(java.lang.Object, int, java.lang.Object, java.lang.Object)'> (0x00000000ffc30418) 
thrown [s\src\hotspot\share\interpreter\linkResolver.cpp, line 784]
Event: 14.406 Thread 0x000001c54db09280 Exception <a 'java/lang/NoSuchMethodError'{0x0000000094a9dc68}: 'java.lang.Object java.lang.invoke.DirectMethodHandle$Holder.invokeStatic(java.lang.Object, int, java.lang.Object, java.lang.Object, java.lang.Object, java.lang.Object, java.lang.Object)'> (0x0000000094a9dc68) 
thrown [s\src\hotspot\share\interpreter\linkResolver.cpp, line 784]
Event: 14.408 Thread 0x000001c54db09280 Exception <a 'java/lang/NoSuchMethodError'{0x0000000094aa7928}: 'java.lang.Object java.lang.invoke.DirectMethodHandle$Holder.newInvokeSpecial(java.lang.Object, int, java.lang.Object, java.lang.Object, java.lang.Object)'> (0x0000000094aa7928) 
thrown [s\src\hotspot\share\interpreter\linkResolver.cpp, line 784]
Event: 14.409 Thread 0x000001c54db09280 Exception <a 'java/lang/NoSuchMethodError'{0x0000000094aafb08}: 'java.lang.Object java.lang.invoke.Invokers$Holder.linkToTargetMethod(int, java.lang.Object, java.lang.Object, java.lang.Object, java.lang.Object)'> (0x0000000094aafb08) 
thrown [s\src\hotspot\share\interpreter\linkResolver.cpp, line 784]
Event: 14.527 Thread 0x000001c54db09280 Exception <a 'java/lang/NoSuchMethodError'{0x0000000094719160}: 'java.lang.Object java.lang.invoke.DirectMethodHandle$Holder.newInvokeSpecial(java.lang.Object, java.lang.Object, java.lang.Object, java.lang.Object, java.lang.Object, int)'> (0x0000000094719160) 
thrown [s\src\hotspot\share\interpreter\linkResolver.cpp, line 784]
Event: 14.527 Thread 0x000001c54db09280 Exception <a 'java/lang/NoSuchMethodError'{0x000000009471ec18}: 'java.lang.Object java.lang.invoke.DirectMethodHandle$Holder.invokeSpecial(java.lang.Object, java.lang.Object, java.lang.Object, java.lang.Object, java.lang.Object, java.lang.Object, int)'> (0x000000009471ec18) 
thrown [s\src\hotspot\share\interpreter\linkResolver.cpp, line 784]
Event: 14.528 Thread 0x000001c54db09280 Exception <a 'java/lang/NoSuchMethodError'{0x0000000094723fd0}: 'java.lang.Object java.lang.invoke.Invokers$Holder.linkToTargetMethod(java.lang.Object, java.lang.Object, java.lang.Object, java.lang.Object, int, java.lang.Object)'> (0x0000000094723fd0) 
thrown [s\src\hotspot\share\interpreter\linkResolver.cpp, line 784]
Event: 14.690 Thread 0x000001c54db09280 Exception <a 'java/lang/NoSuchMethodError'{0x0000000094442a50}: 'java.lang.Object java.lang.invoke.DirectMethodHandle$Holder.newInvokeSpecial(java.lang.Object, java.lang.Object, java.lang.Object, java.lang.Object, java.lang.Object, java.lang.Object, java.lang.Object, java.lang.Object, java.lang.Object)'> (0x0000000094442a50) 
thrown [s\src\hotspot\share\interpreter\linkResolver.cpp, line 784]

ZGC Phase Switch (0 events):
No events

VM Operations (20 events):
Event: 13.969 Executing VM operation: HandshakeAllThreads (Deoptimize)
Event: 13.969 Executing VM operation: HandshakeAllThreads (Deoptimize) done
Event: 13.981 Executing VM operation: HandshakeAllThreads (Deoptimize)
Event: 13.982 Executing VM operation: HandshakeAllThreads (Deoptimize) done
Event: 14.138 Executing VM operation: ICBufferFull
Event: 14.138 Executing VM operation: ICBufferFull done
Event: 14.533 Executing VM operation: ICBufferFull
Event: 14.533 Executing VM operation: ICBufferFull done
Event: 14.675 Executing VM operation: HandshakeAllThreads (Deoptimize)
Event: 14.675 Executing VM operation: HandshakeAllThreads (Deoptimize) done
Event: 14.679 Executing VM operation: HandshakeAllThreads (Deoptimize)
Event: 14.679 Executing VM operation: HandshakeAllThreads (Deoptimize) done
Event: 14.699 Executing VM operation: ICBufferFull
Event: 14.699 Executing VM operation: ICBufferFull done
Event: 14.710 Executing VM operation: HandshakeAllThreads (Deoptimize)
Event: 14.710 Executing VM operation: HandshakeAllThreads (Deoptimize) done
Event: 14.719 Executing VM operation: HandshakeAllThreads (Deoptimize)
Event: 14.719 Executing VM operation: HandshakeAllThreads (Deoptimize) done
Event: 14.969 Executing VM operation: ICBufferFull
Event: 14.969 Executing VM operation: ICBufferFull done

Memory protections (0 events):
No events

Nmethod flushes (20 events):
Event: 10.821 Thread 0x000001c565308e70 flushing  nmethod 0x000001c5510a4290
Event: 10.821 Thread 0x000001c565308e70 flushing  nmethod 0x000001c5510b1110
Event: 10.821 Thread 0x000001c565308e70 flushing  nmethod 0x000001c5510bdc10
Event: 10.821 Thread 0x000001c565308e70 flushing  nmethod 0x000001c5510be090
Event: 10.821 Thread 0x000001c565308e70 flushing  nmethod 0x000001c5510be510
Event: 10.821 Thread 0x000001c565308e70 flushing  nmethod 0x000001c55110d610
Event: 10.821 Thread 0x000001c565308e70 flushing  nmethod 0x000001c55110dd90
Event: 10.821 Thread 0x000001c565308e70 flushing  nmethod 0x000001c55110e810
Event: 10.821 Thread 0x000001c565308e70 flushing  nmethod 0x000001c551197c10
Event: 10.821 Thread 0x000001c565308e70 flushing  nmethod 0x000001c55119a210
Event: 10.821 Thread 0x000001c565308e70 flushing  nmethod 0x000001c5511f4490
Event: 10.821 Thread 0x000001c565308e70 flushing  nmethod 0x000001c551228110
Event: 10.821 Thread 0x000001c565308e70 flushing  nmethod 0x000001c55122d190
Event: 10.821 Thread 0x000001c565308e70 flushing  nmethod 0x000001c551235110
Event: 10.821 Thread 0x000001c565308e70 flushing  nmethod 0x000001c55128d510
Event: 10.821 Thread 0x000001c565308e70 flushing  nmethod 0x000001c55128e890
Event: 10.821 Thread 0x000001c565308e70 flushing  nmethod 0x000001c5512eb790
Event: 10.821 Thread 0x000001c565308e70 flushing  nmethod 0x000001c551343310
Event: 10.821 Thread 0x000001c565308e70 flushing  nmethod 0x000001c55134a390
Event: 10.821 Thread 0x000001c565308e70 flushing  nmethod 0x000001c55148cd90

Events (20 events):
Event: 0.090 Thread 0x000001c54db09280 Thread added: 0x000001c5654e4c90
Event: 0.090 Thread 0x000001c54db09280 Thread added: 0x000001c5654edb60
Event: 0.090 Thread 0x000001c54db09280 Thread added: 0x000001c5654f0610
Event: 0.148 Thread 0x000001c54db09280 Thread added: 0x000001c565679650
Event: 0.167 Loaded shared library D:\IDE\Android Studio\Android\jbr\bin\net.dll
Event: 0.173 Loaded shared library D:\IDE\Android Studio\Android\jbr\bin\nio.dll
Event: 0.192 Thread 0x000001c5654edb60 Thread added: 0x000001c5657280a0
Event: 0.192 Thread 0x000001c5654edb60 Thread added: 0x000001c565730ff0
Event: 0.206 Loaded shared library D:\IDE\Android Studio\Android\jbr\bin\zip.dll
Event: 0.259 Loaded shared library D:\IDE\Android Studio\Android\jbr\bin\jimage.dll
Event: 1.086 Thread 0x000001c565730ff0 Thread exited: 0x000001c565730ff0
Event: 1.273 Thread 0x000001c5657280a0 Thread exited: 0x000001c5657280a0
Event: 2.142 Thread 0x000001c5654edb60 Thread added: 0x000001c56b28f010
Event: 2.208 Thread 0x000001c5654f0610 Thread added: 0x000001c56b238b20
Event: 3.311 Thread 0x000001c56b238b20 Thread exited: 0x000001c56b238b20
Event: 3.375 Thread 0x000001c56b28f010 Thread exited: 0x000001c56b28f010
Event: 4.426 Thread 0x000001c5654f0610 Thread added: 0x000001c56d321290
Event: 8.350 Thread 0x000001c56d321290 Thread exited: 0x000001c56d321290
Event: 8.799 Thread 0x000001c5654f0610 Thread added: 0x000001c56d61e020
Event: 11.409 Thread 0x000001c5654f0610 Thread added: 0x000001c56edc8cd0


Dynamic libraries:
0x00007ff76b060000 - 0x00007ff76b06a000 	D:\IDE\Android Studio\Android\jbr\bin\java.exe
0x00007ffa02540000 - 0x00007ffa027a7000 	C:\WINDOWS\SYSTEM32\ntdll.dll
0x00007ffa009e0000 - 0x00007ffa00aa9000 	C:\WINDOWS\System32\KERNEL32.DLL
0x00007ff9ff750000 - 0x00007ff9ffb3f000 	C:\WINDOWS\System32\KERNELBASE.dll
0x00007ff9ffc00000 - 0x00007ff9ffd4b000 	C:\WINDOWS\System32\ucrtbase.dll
0x00007ff9f4630000 - 0x00007ff9f4648000 	D:\IDE\Android Studio\Android\jbr\bin\jli.dll
0x00007ff9fc5f0000 - 0x00007ff9fc60b000 	D:\IDE\Android Studio\Android\jbr\bin\VCRUNTIME140.dll
0x00007ffa01460000 - 0x00007ffa01625000 	C:\WINDOWS\System32\USER32.dll
0x00007ffa000b0000 - 0x00007ffa000d7000 	C:\WINDOWS\System32\win32u.dll
0x00007ff9e3a60000 - 0x00007ff9e3cf3000 	C:\WINDOWS\WinSxS\amd64_microsoft.windows.common-controls_6595b64144ccf1df_6.0.26100.7309_none_3e05feeae336a044\COMCTL32.dll
0x00007ffa01d30000 - 0x00007ffa01d5b000 	C:\WINDOWS\System32\GDI32.dll
0x00007ffa02310000 - 0x00007ffa023b9000 	C:\WINDOWS\System32\msvcrt.dll
0x00007ff9ffed0000 - 0x00007ff9ffffc000 	C:\WINDOWS\System32\gdi32full.dll
0x00007ff9ffb50000 - 0x00007ff9ffbf3000 	C:\WINDOWS\System32\msvcp_win.dll
0x00007ffa005d0000 - 0x00007ffa00601000 	C:\WINDOWS\System32\IMM32.DLL
0x00007ff9fa670000 - 0x00007ff9fa67c000 	D:\IDE\Android Studio\Android\jbr\bin\vcruntime140_1.dll
0x00007ff9c7480000 - 0x00007ff9c750d000 	D:\IDE\Android Studio\Android\jbr\bin\msvcp140.dll
0x00007ff985500000 - 0x00007ff986196000 	D:\IDE\Android Studio\Android\jbr\bin\server\jvm.dll
0x00007ffa00390000 - 0x00007ffa00444000 	C:\WINDOWS\System32\ADVAPI32.dll
0x00007ffa00510000 - 0x00007ffa005b6000 	C:\WINDOWS\System32\sechost.dll
0x00007ffa01d60000 - 0x00007ffa01e78000 	C:\WINDOWS\System32\RPCRT4.dll
0x00007ffa01ad0000 - 0x00007ffa01b44000 	C:\WINDOWS\System32\WS2_32.dll
0x00007ff9ff4f0000 - 0x00007ff9ff54e000 	C:\WINDOWS\SYSTEM32\POWRPROF.dll
0x00007ff9f6ce0000 - 0x00007ff9f6d15000 	C:\WINDOWS\SYSTEM32\WINMM.dll
0x00007ff9f7e50000 - 0x00007ff9f7e5b000 	C:\WINDOWS\SYSTEM32\VERSION.dll
0x00007ff9ff4d0000 - 0x00007ff9ff4e4000 	C:\WINDOWS\SYSTEM32\UMPDC.dll
0x00007ff9fe440000 - 0x00007ff9fe45b000 	C:\WINDOWS\SYSTEM32\kernel.appcore.dll
0x00007ff9fa650000 - 0x00007ff9fa65a000 	D:\IDE\Android Studio\Android\jbr\bin\jimage.dll
0x00007ff9f2cc0000 - 0x00007ff9f2f02000 	C:\WINDOWS\SYSTEM32\DBGHELP.DLL
0x00007ffa01730000 - 0x00007ffa01ab5000 	C:\WINDOWS\System32\combase.dll
0x00007ffa00bb0000 - 0x00007ffa00c86000 	C:\WINDOWS\System32\OLEAUT32.dll
0x00007ff9e3760000 - 0x00007ff9e379c000 	C:\WINDOWS\SYSTEM32\dbgcore.DLL
0x00007ffa00000000 - 0x00007ffa000a5000 	C:\WINDOWS\System32\bcryptPrimitives.dll
0x00007ff9f48e0000 - 0x00007ff9f4900000 	D:\IDE\Android Studio\Android\jbr\bin\java.dll
0x00007ff9f48c0000 - 0x00007ff9f48d8000 	D:\IDE\Android Studio\Android\jbr\bin\zip.dll
0x00007ffa00c90000 - 0x00007ffa013e3000 	C:\WINDOWS\System32\SHELL32.dll
0x00007ffa000e0000 - 0x00007ffa0024a000 	C:\WINDOWS\System32\wintypes.dll
0x00007ff9fd260000 - 0x00007ff9fdabe000 	C:\WINDOWS\SYSTEM32\windows.storage.dll
0x00007ffa00ab0000 - 0x00007ffa00ba5000 	C:\WINDOWS\System32\SHCORE.dll
0x00007ffa013f0000 - 0x00007ffa01456000 	C:\WINDOWS\System32\shlwapi.dll
0x00007ff9ff5b0000 - 0x00007ff9ff5d9000 	C:\WINDOWS\SYSTEM32\profapi.dll
0x00007ff9fa640000 - 0x00007ff9fa650000 	D:\IDE\Android Studio\Android\jbr\bin\net.dll
0x00007ff9f8780000 - 0x00007ff9f88a8000 	C:\WINDOWS\SYSTEM32\WINHTTP.dll
0x00007ff9fe9b0000 - 0x00007ff9fea1b000 	C:\WINDOWS\system32\mswsock.dll
0x00007ff9f48a0000 - 0x00007ff9f48b6000 	D:\IDE\Android Studio\Android\jbr\bin\nio.dll
0x00007ff9e88e0000 - 0x00007ff9e88f0000 	D:\IDE\Android Studio\Android\jbr\bin\verify.dll

JVMTI agents: none

dbghelp: loaded successfully - version: 4.0.5 - missing functions: none
symbol engine: initialized successfully - sym options: 0x614 - pdb path: .;D:\IDE\Android Studio\Android\jbr\bin;C:\WINDOWS\SYSTEM32;C:\WINDOWS\WinSxS\amd64_microsoft.windows.common-controls_6595b64144ccf1df_6.0.26100.7309_none_3e05feeae336a044;D:\IDE\Android Studio\Android\jbr\bin\server

VM Arguments:
java_command: org.jetbrains.kotlin.cli.jvm.K2JVMCompiler @D:\Project Music\app\build\20260110_15851802573263920360.compiler.options
java_class_path (initial): C:\Users\soumo\.gradle\caches\modules-2\files-2.1\org.jetbrains.kotlin\kotlin-compiler-embeddable\2.0.21\79346ed53db48b18312a472602eb5c057070c54d\kotlin-compiler-embeddable-2.0.21.jar;C:\Users\soumo\.gradle\caches\modules-2\files-2.1\org.jetbrains.kotlin\kotlin-stdlib\2.0.21\618b539767b4899b4660a83006e052b63f1db551\kotlin-stdlib-2.0.21.jar;C:\Users\soumo\.gradle\caches\modules-2\files-2.1\org.jetbrains.kotlin\kotlin-script-runtime\2.0.21\c9b044380ad41f89aa89aa896c2d32a8c0b2129d\kotlin-script-runtime-2.0.21.jar;C:\Users\soumo\.gradle\caches\modules-2\files-2.1\org.jetbrains.kotlin\kotlin-reflect\1.6.10\1cbe9c92c12a94eea200d23c2bbaedaf3daf5132\kotlin-reflect-1.6.10.jar;C:\Users\soumo\.gradle\caches\modules-2\files-2.1\org.jetbrains.kotlin\kotlin-daemon-embeddable\2.0.21\c9e933b23287de9b5a17e2116b4657bb91aea72c\kotlin-daemon-embeddable-2.0.21.jar;C:\Users\soumo\.gradle\caches\modules-2\files-2.1\org.jetbrains.intellij.deps\trove4j\1.0.20200330\3afb14d5f9ceb459d724e907a21145e8ff394f02\trove4j-1.0.20200330.jar;C:\Users\soumo\.gradle\caches\modules-2\files-2.1\org.jetbrains.kotlinx\kotlinx-coroutines-core-jvm\1.6.4\2c997cd1c0ef33f3e751d3831929aeff1390cb30\kotlinx-coroutines-core-jvm-1.6.4.jar;C:\Users\soumo\.gradle\caches\modules-2\files-2.1\org.jetbrains\annotations\13.0\919f0dfe192fb4e063e7dacadee7f8bb9a2672a9\annotations-13.0.jar
Launcher Type: SUN_STANDARD

[Global flags]
     intx CICompilerCount                          = 4                                         {product} {ergonomic}
     uint ConcGCThreads                            = 3                                         {product} {ergonomic}
     uint G1ConcRefinementThreads                  = 10                                        {product} {ergonomic}
   size_t G1HeapRegionSize                         = 1048576                                   {product} {ergonomic}
    uintx GCDrainStackTargetSize                   = 64                                        {product} {ergonomic}
   size_t InitialHeapSize                          = 123731968                                 {product} {ergonomic}
   size_t MarkStackSize                            = 4194304                                   {product} {ergonomic}
   size_t MaxHeapSize                              = 1967128576                                {product} {ergonomic}
   size_t MaxNewSize                               = 1179648000                                {product} {ergonomic}
   size_t MinHeapDeltaBytes                        = 1048576                                   {product} {ergonomic}
   size_t MinHeapSize                              = 8388608                                   {product} {ergonomic}
    uintx NonNMethodCodeHeapSize                   = 5839372                                {pd product} {ergonomic}
    uintx NonProfiledCodeHeapSize                  = 122909434                              {pd product} {ergonomic}
    uintx ProfiledCodeHeapSize                     = 122909434                              {pd product} {ergonomic}
    uintx ReservedCodeCacheSize                    = 251658240                              {pd product} {ergonomic}
     bool SegmentedCodeCache                       = true                                      {product} {ergonomic}
   size_t SoftMaxHeapSize                          = 1967128576                             {manageable} {ergonomic}
     bool UseCompressedOops                        = true                           {product lp64_product} {ergonomic}
     bool UseG1GC                                  = true                                      {product} {ergonomic}
     bool UseLargePagesIndividualAllocation        = false                                  {pd product} {ergonomic}

Logging:
Log output configuration:
 #0: stdout all=warning uptime,level,tags foldmultilines=false
 #1: stderr all=off uptime,level,tags foldmultilines=false

Environment Variables:
JAVA_HOME=D:\Languages\JAVA\Java\jdk-24
PATH=D:\Languages\Python313\Scripts;D:\Languages\Python313;C:\WINDOWS\system32;C:\WINDOWS;C:\WINDOWS\System32\Wbem;C:\WINDOWS\System32\WindowsPowerShell\v1.0\;C:\WINDOWS\System32\OpenSSH\;D:\Tools\yt-dlp;D:\Languages\JAVA\Java\jdk-24\bin;C:\ProgramData\chocolatey\bin;C:\Users\soumo\AppData\Local\Microsoft\WindowsApps;C:\Users\soumo\AppData\Roaming\npm;C:\Program Files\nodejs\node.exe;C:\Program Files\nodejs\node_modules\npm\bin\npm.cmd;C:\Program Files\nodejs\;C:\Users\soumo\AppData\Local\Android\Sdk\platform-tools;D:\Tools\ffmpeg\ffmpeg-7.1.1-essentials_build\bin;C:\Program Files\Git\cmd;D:\Languages\JAVA\Java\jdk-24;D:\Personal\Chrome & Drive. etc\mpv\mpv-x86_64-20251120-git-e6885cb\mpv.exe;C:\Program Files\dotnet\;D:\APKTool;;%SystemRoot%\system32;%SystemRoot%;%SystemRoot%\System32\Wbem;%SYSTEMROOT%\System32\WindowsPowerShell\v1.0\;%SYSTEMROOT%\System32\OpenSSH\;C:\WINDOWS\system32;C:\WINDOWS;C:\WINDOWS\System32\Wbem;C:\WINDOWS\System32\WindowsPowerShell\v1.0\;C:\WINDOWS\System32\OpenSSH\;C:\Program Files\dotnet\;C:\ProgramData\chocolatey\bin;C:\Users\soumo\AppData\Local\Microsoft\WindowsApps;C:\Users\soumo\AppData\Roaming\npm;C:\Program Files\nodejs\node.exe;C:\Program Files\nodejs\node_modules\npm\bin\npm.cmd;C:\Program Files\nodejs\;C:\Users\soumo\AppData\Local\Android\Sdk\platform-tools;C:\Users\soumo\.lmstudio\bin;C:\Users\soumo\AppData\Local\Pandoc\;D:\IDE\JetBrains\WebStorm 2025.2\bin;D:\IDE\Windsurf\Windsurf\bin;D:\IDE\Warp\Warp\bin;D:\IDE\Cursor\cursor\resources\app\bin;D:\IDE\VS Code\Microsoft VS Code\bin;;C:\Users\soumo\AppData\Local\Microsoft\WindowsApps;D:\IDE\AWS Kiro\Kiro\bin;D:\IDE\Antigravity\Antigravity\bin
USERNAME=soumo
OS=Windows_NT
PROCESSOR_IDENTIFIER=AMD64 Family 23 Model 104 Stepping 1, AuthenticAMD
TMP=C:\Users\soumo\AppData\Local\Temp
TEMP=C:\Users\soumo\AppData\Local\Temp




Periodic native trim disabled

JNI global refs:
JNI global refs: 14, weak refs: 12

JNI global refs memory usage: 835, weak refs: 833

Process memory usage:
Resident Set Size: 454556K (5% of 7681724K total physical memory with 613828K free physical memory)

OOME stack traces (most recent first):
Classloader memory used:
Loader jdk.internal.loader.ClassLoaders$AppClassLoader                                 : 55880K
Loader bootstrap                                                                       : 11329K
Loader java.net.URLClassLoader                                                         : 412K

---------------  S Y S T E M  ---------------

OS:
 Windows 11 , 64 bit Build 26100 (10.0.26100.7309)
OS uptime: 1 days 21:54 hours
Hyper-V role detected

CPU: total 12 (initial active 12) (12 cores per cpu, 2 threads per core) family 23 model 104 stepping 1 microcode 0x8608107, cx8, cmov, fxsr, ht, mmx, 3dnowpref, sse, sse2, sse3, ssse3, sse4a, sse4.1, sse4.2, popcnt, lzcnt, tsc, tscinvbit, avx, avx2, aes, clmul, bmi1, bmi2, adx, sha, fma, vzeroupper, clflush, clflushopt, hv, rdtscp, rdpid, f16c
Processor Information for the first 12 processors :
  Max Mhz: 2100, Current Mhz: 2100, Mhz Limit: 2100

Memory: 4k page, system-wide physical 7501M (620M free)
TotalPageFile size 17501M (AvailPageFile size 5M)
current process WorkingSet (physical memory assigned to process): 444M, peak: 444M
current process commit charge ("private bytes"): 479M, peak: 481M

vm_info: OpenJDK 64-Bit Server VM (21.0.8+-14196175-b1038.72) for windows-amd64 JRE (21.0.8+-14196175-b1038.72), built on 2025-10-01T10:24:33Z by "builder" with MS VC++ 16.10 / 16.11 (VS2019)

END.
